Could not find/open font when opening font "arial", using internal non-scalable font

	title is " rate", offset at ((character units) 0, 0, 0)


	title is " mean", offset at ((character units) 0, 0, 0)


	title is " stddev", offset at ((character units) 0, 0, 0)


	title is " max_sample", offset at ((character units) 0, 0, 0)


	title is " min_sample", offset at ((character units) 0, 0, 0)

Could not find/open font when opening font "arial", using internal non-scalable font

	title is " rate", offset at ((character units) 0, 0, 0)


	title is " mean", offset at ((character units) 0, 0, 0)


	title is " stddev", offset at ((character units) 0, 0, 0)


	title is " max_sample", offset at ((character units) 0, 0, 0)


	title is " min_sample", offset at ((character units) 0, 0, 0)

Could not find/open font when opening font "arial", using internal non-scalable font

	title is " HTTP Code Response rate", offset at ((character units) 0, 0, 0)


	title is " total", offset at ((character units) 0, 0, 0)

Could not find/open font when opening font "arial", using internal non-scalable font

	title is " HTTP Code Response rate", offset at ((character units) 0, 0, 0)


	title is " total", offset at ((character units) 0, 0, 0)

Could not find/open font when opening font "arial", using internal non-scalable font

	title is " Request and tcp/udp connection rate", offset at ((character units) 0, 0, 0)


	title is " Mean request (and connection) duration", offset at ((character units) 0, 0, 0)


	title is " stddev", offset at ((character units) 0, 0, 0)


	title is " max_sample", offset at ((character units) 0, 0, 0)


	title is " min_sample", offset at ((character units) 0, 0, 0)

Could not find/open font when opening font "arial", using internal non-scalable font

	title is " Request and tcp/udp connection rate", offset at ((character units) 0, 0, 0)


	title is " Mean request (and connection) duration", offset at ((character units) 0, 0, 0)


	title is " stddev", offset at ((character units) 0, 0, 0)


	title is " max_sample", offset at ((character units) 0, 0, 0)


	title is " min_sample", offset at ((character units) 0, 0, 0)

Could not find/open font when opening font "arial", using internal non-scalable font

	title is " Transaction and page rate", offset at ((character units) 0, 0, 0)


	title is " Mean transaction and page duration", offset at ((character units) 0, 0, 0)


	title is " stddev", offset at ((character units) 0, 0, 0)


	title is " max_sample", offset at ((character units) 0, 0, 0)


	title is " min_sample", offset at ((character units) 0, 0, 0)

Could not find/open font when opening font "arial", using internal non-scalable font

	title is " Transaction and page rate", offset at ((character units) 0, 0, 0)


	title is " Mean transaction and page duration", offset at ((character units) 0, 0, 0)


	title is " stddev", offset at ((character units) 0, 0, 0)


	title is " max_sample", offset at ((character units) 0, 0, 0)


	title is " min_sample", offset at ((character units) 0, 0, 0)

Could not find/open font when opening font "arial", using internal non-scalable font

	title is " rate", offset at ((character units) 0, 0, 0)


	title is " total", offset at ((character units) 0, 0, 0)

Could not find/open font when opening font "arial", using internal non-scalable font

	title is " rate", offset at ((character units) 0, 0, 0)


	title is " total", offset at ((character units) 0, 0, 0)

Could not find/open font when opening font "arial", using internal non-scalable font

	title is " Simultaneous users and opened TCP/UDP connections", offset at ((character units) 0, 0, 0)


	title is " maximum_simultaneous", offset at ((character units) 0, 0, 0)

Could not find/open font when opening font "arial", using internal non-scalable font

	title is " Simultaneous users and opened TCP/UDP connections", offset at ((character units) 0, 0, 0)


	title is " maximum_simultaneous", offset at ((character units) 0, 0, 0)

Could not find/open font when opening font "arial", using internal non-scalable font

	title is " Users arrival/departure rate", offset at ((character units) 0, 0, 0)


	title is " Total users", offset at ((character units) 0, 0, 0)

Could not find/open font when opening font "arial", using internal non-scalable font

	title is " Users arrival/departure rate", offset at ((character units) 0, 0, 0)


	title is " Total users", offset at ((character units) 0, 0, 0)

Could not find/open font when opening font "arial", using internal non-scalable font

	title is " Network throughput", offset at ((character units) 0, 0, 0)


	title is " Total send/receive bytes", offset at ((character units) 0, 0, 0)

Could not find/open font when opening font "arial", using internal non-scalable font

	title is " Network throughput", offset at ((character units) 0, 0, 0)


	title is " Total send/receive bytes", offset at ((character units) 0, 0, 0)

Could not find/open font when opening font "arial", using internal non-scalable font

	title is " rate", offset at ((character units) 0, 0, 0)

Warning: empty y range [0.1:0.1], adjusting to [0.099:0.101]

	title is " mean", offset at ((character units) 0, 0, 0)


	title is " stddev", offset at ((character units) 0, 0, 0)

Warning: empty y range [0:0], adjusting to [-1:1]

	title is " max_sample", offset at ((character units) 0, 0, 0)


	title is " min_sample", offset at ((character units) 0, 0, 0)

Warning: empty y range [7.348:7.348], adjusting to [7.27452:7.42148]
Could not find/open font when opening font "arial", using internal non-scalable font

	title is " rate", offset at ((character units) 0, 0, 0)

Warning: empty y range [0.1:0.1], adjusting to [0.099:0.101]

	title is " mean", offset at ((character units) 0, 0, 0)


	title is " stddev", offset at ((character units) 0, 0, 0)

Warning: empty y range [0:0], adjusting to [-1:1]

	title is " max_sample", offset at ((character units) 0, 0, 0)


	title is " min_sample", offset at ((character units) 0, 0, 0)

Warning: empty y range [7.348:7.348], adjusting to [7.27452:7.42148]
Could not find/open font when opening font "arial", using internal non-scalable font

	title is " rate", offset at ((character units) 0, 0, 0)

Warning: empty y range [0.1:0.1], adjusting to [0.099:0.101]

	title is " mean", offset at ((character units) 0, 0, 0)


	title is " stddev", offset at ((character units) 0, 0, 0)

Warning: empty y range [0:0], adjusting to [-1:1]

	title is " max_sample", offset at ((character units) 0, 0, 0)

Warning: empty y range [2767.84:2767.84], adjusting to [2740.16:2795.52]

	title is " min_sample", offset at ((character units) 0, 0, 0)

Could not find/open font when opening font "arial", using internal non-scalable font

	title is " rate", offset at ((character units) 0, 0, 0)

Warning: empty y range [0.1:0.1], adjusting to [0.099:0.101]

	title is " mean", offset at ((character units) 0, 0, 0)


	title is " stddev", offset at ((character units) 0, 0, 0)

Warning: empty y range [0:0], adjusting to [-1:1]

	title is " max_sample", offset at ((character units) 0, 0, 0)

Warning: empty y range [2767.84:2767.84], adjusting to [2740.16:2795.52]

	title is " min_sample", offset at ((character units) 0, 0, 0)

Could not find/open font when opening font "arial", using internal non-scalable font

	title is " rate", offset at ((character units) 0, 0, 0)

Warning: empty y range [0.1:0.1], adjusting to [0.099:0.101]

	title is " mean", offset at ((character units) 0, 0, 0)


	title is " stddev", offset at ((character units) 0, 0, 0)

Warning: empty y range [0:0], adjusting to [-1:1]

	title is " max_sample", offset at ((character units) 0, 0, 0)

Warning: empty y range [1.32812:1.32812], adjusting to [1.31484:1.34141]

	title is " min_sample", offset at ((character units) 0, 0, 0)

Could not find/open font when opening font "arial", using internal non-scalable font

	title is " rate", offset at ((character units) 0, 0, 0)

Warning: empty y range [0.1:0.1], adjusting to [0.099:0.101]

	title is " mean", offset at ((character units) 0, 0, 0)


	title is " stddev", offset at ((character units) 0, 0, 0)

Warning: empty y range [0:0], adjusting to [-1:1]

	title is " max_sample", offset at ((character units) 0, 0, 0)

Warning: empty y range [1.32812:1.32812], adjusting to [1.31484:1.34141]

	title is " min_sample", offset at ((character units) 0, 0, 0)

Could not find/open font when opening font "arial", using internal non-scalable font

	title is " rate", offset at ((character units) 0, 0, 0)

Warning: empty y range [0.1:0.1], adjusting to [0.099:0.101]

	title is " mean", offset at ((character units) 0, 0, 0)


	title is " stddev", offset at ((character units) 0, 0, 0)

Warning: empty y range [0:0], adjusting to [-1:1]

	title is " max_sample", offset at ((character units) 0, 0, 0)


	title is " min_sample", offset at ((character units) 0, 0, 0)

Warning: empty y range [247:247], adjusting to [244.53:249.47]
Could not find/open font when opening font "arial", using internal non-scalable font

	title is " rate", offset at ((character units) 0, 0, 0)

Warning: empty y range [0.1:0.1], adjusting to [0.099:0.101]

	title is " mean", offset at ((character units) 0, 0, 0)


	title is " stddev", offset at ((character units) 0, 0, 0)

Warning: empty y range [0:0], adjusting to [-1:1]

	title is " max_sample", offset at ((character units) 0, 0, 0)


	title is " min_sample", offset at ((character units) 0, 0, 0)

Warning: empty y range [247:247], adjusting to [244.53:249.47]
Could not find/open font when opening font "arial", using internal non-scalable font

	title is " rate", offset at ((character units) 0, 0, 0)

Warning: empty y range [0.1:0.1], adjusting to [0.099:0.101]

	title is " mean", offset at ((character units) 0, 0, 0)


	title is " stddev", offset at ((character units) 0, 0, 0)

Warning: empty y range [0:0], adjusting to [-1:1]

	title is " max_sample", offset at ((character units) 0, 0, 0)


	title is " min_sample", offset at ((character units) 0, 0, 0)

Warning: empty y range [231:231], adjusting to [228.69:233.31]
Could not find/open font when opening font "arial", using internal non-scalable font

	title is " rate", offset at ((character units) 0, 0, 0)

Warning: empty y range [0.1:0.1], adjusting to [0.099:0.101]

	title is " mean", offset at ((character units) 0, 0, 0)


	title is " stddev", offset at ((character units) 0, 0, 0)

Warning: empty y range [0:0], adjusting to [-1:1]

	title is " max_sample", offset at ((character units) 0, 0, 0)


	title is " min_sample", offset at ((character units) 0, 0, 0)

Warning: empty y range [231:231], adjusting to [228.69:233.31]
