# stats: dump at 1702376951
stats: users 10 10
stats: {load,"tsung_controller@tsung-master-0.tsung-master.tsung.svc.cluster.local"} 1 1.328125 0 1.328125 1.328125 0 0
stats: {freemem,"tsung_controller@tsung-master-0.tsung-master.tsung.svc.cluster.local"} 1 2767.83984375 0 2767.83984375 2767.83984375 0 0
stats: {cpu,"tsung_controller@tsung-master-0.tsung-master.tsung.svc.cluster.local"} 1 7.348000879538848 0 7.348000879538848 7.348000879538848 0 0
stats: users_count 10 10
stats: finish_users_count 0 0
# stats: dump at 1702376961
stats: users 30 44
stats: {load,"tsung_controller@tsung-master-0.tsung-master.tsung.svc.cluster.local"} 1 1.2109375 0.0 1.328125 1.2109375 1.328125 1
stats: {freemem,"tsung_controller@tsung-master-0.tsung-master.tsung.svc.cluster.local"} 1 2761.30859375 0.0 2767.83984375 2761.30859375 2767.83984375 1
stats: {recvpackets,"tsung_controller@tsung-master-0.tsung-master.tsung.svc.cluster.local"} 1 247 0 247 247 0 0
stats: {sentpackets,"tsung_controller@tsung-master-0.tsung-master.tsung.svc.cluster.local"} 1 231 0 231 231 0 0
stats: {cpu,"tsung_controller@tsung-master-0.tsung-master.tsung.svc.cluster.local"} 1 16.768149882903984 0.0 16.768149882903984 7.348000879538848 7.348000879538848 1
stats: session 80 2395.203921508789 1229.8144673951685 4335.14013671875 240.998046875 0 0
stats: users_count 100 110
stats: finish_users_count 80 80
stats: request 800 230.9340292358397 764.501466715386 4145.95703125 3.04296875 0 0
stats: connect 80 2182.4757476806635 1224.3419018072434 4117.113037109375 49.3349609375 0 0
stats: page 800 230.9340292358397 764.501466715386 4145.95703125 3.04296875 0 0
stats: 200 800 800
stats: size_rcv 680000 680000
stats: size_sent 60000 60000
stats: connected 0 0
# stats: dump at 1702376971
stats: users 6 50
stats: {load,"tsung_controller@tsung-master-0.tsung-master.tsung.svc.cluster.local"} 1 1.01953125 0.0 1.328125 1.01953125 1.26953125 2
stats: {freemem,"tsung_controller@tsung-master-0.tsung-master.tsung.svc.cluster.local"} 1 2753.6328125 0.0 2767.83984375 2753.6328125 2764.57421875 2
stats: {recvpackets,"tsung_controller@tsung-master-0.tsung-master.tsung.svc.cluster.local"} 1 508.0 0.0 508 247 247.0 1
stats: {sentpackets,"tsung_controller@tsung-master-0.tsung-master.tsung.svc.cluster.local"} 1 465.0 0.0 465 231 231.0 1
stats: {cpu,"tsung_controller@tsung-master-0.tsung-master.tsung.svc.cluster.local"} 1 11.654135338345863 0.0 16.768149882903984 7.348000879538848 12.058075381221416 2
stats: session 122 2192.5570308497695 1133.7818193211558 4335.14013671875 177.2861328125 2395.203921508789 80
stats: users_count 98 208
stats: finish_users_count 122 202
stats: request 1220 216.80564104924437 706.5333963577667 4145.95703125 3.04296875 230.9340292358397 800
stats: connect 122 2031.7331562980276 1135.9594625451073 4117.113037109375 40.036865234375 2182.4757476806635 80
stats: page 1220 216.80564104924437 706.5333963577667 4145.95703125 3.04296875 230.9340292358397 800
stats: 200 1220 2020
stats: size_rcv 1037000 1717000
stats: size_sent 91500 151500
stats: connected 0 0
# stats: dump at 1702376981
stats: users 20 50
stats: {load,"tsung_controller@tsung-master-0.tsung-master.tsung.svc.cluster.local"} 1 0.87109375 0.0 1.328125 0.87109375 1.1861979166666667 3
stats: {freemem,"tsung_controller@tsung-master-0.tsung-master.tsung.svc.cluster.local"} 1 2750.7421875 0.0 2767.83984375 2750.7421875 2760.9270833333335 3
stats: {recvpackets,"tsung_controller@tsung-master-0.tsung-master.tsung.svc.cluster.local"} 1 613.0 0.0 613 247 377.5 2
stats: {sentpackets,"tsung_controller@tsung-master-0.tsung-master.tsung.svc.cluster.local"} 1 641.0 0.0 641 231 348.0 2
stats: {cpu,"tsung_controller@tsung-master-0.tsung-master.tsung.svc.cluster.local"} 1 17.63875823142051 0.0 17.63875823142051 7.348000879538848 11.923428700262898 3
stats: session 84 2444.6922781808034 1121.6854338568096 4335.14013671875 177.2861328125 2272.813225170173 202
stats: users_count 98 306
stats: finish_users_count 84 286
stats: request 840 238.52698800223203 758.7739300725497 4145.95703125 1.970947265625 222.40104231126233 2020
stats: connect 84 2237.944830031622 1121.3590773518358 4117.113037109375 40.036865234375 2091.4331924891703 202
stats: page 840 238.52698800223203 758.7739300725497 4145.95703125 1.970947265625 222.40104231126233 2020
stats: 200 840 2860
stats: size_rcv 714000 2431000
stats: size_sent 63000 214500
stats: connected 0 0
# stats: dump at 1702376991
stats: users 38 50
stats: {load,"tsung_controller@tsung-master-0.tsung-master.tsung.svc.cluster.local"} 1 0.828125 0.0 1.328125 0.828125 1.107421875 4
stats: {freemem,"tsung_controller@tsung-master-0.tsung-master.tsung.svc.cluster.local"} 1 2752.68359375 0.0 2767.83984375 2750.7421875 2758.380859375 4
stats: {recvpackets,"tsung_controller@tsung-master-0.tsung-master.tsung.svc.cluster.local"} 1 413.0 0.0 613 247 456.0 3
stats: {sentpackets,"tsung_controller@tsung-master-0.tsung-master.tsung.svc.cluster.local"} 1 374.0 0.0 641 231 445.6666666666667 3
stats: {cpu,"tsung_controller@tsung-master-0.tsung-master.tsung.svc.cluster.local"} 1 12.018779342723004 0.0 17.63875823142051 7.348000879538848 13.352261083052301 4
stats: session 77 2499.565987723214 1243.0052212497812 4479.97607421875 177.2861328125 2323.295184795673 286
stats: users_count 95 401
stats: finish_users_count 77 363
stats: request 770 249.3948407061689 776.9145140483606 4322.02685546875 1.970947265625 227.137334052666 2860
stats: connect 77 2206.286852551746 1226.6064455837984 4117.113037109375 40.036865234375 2134.4645825366038 286
stats: page 770 249.3948407061689 776.9145140483606 4322.02685546875 1.970947265625 227.137334052666 2860
stats: 200 770 3630
stats: size_rcv 654500 3085500
stats: size_sent 57750 272250
stats: connected 0 0
# stats: dump at 1702377001
stats: users 14 50
stats: {load,"tsung_controller@tsung-master-0.tsung-master.tsung.svc.cluster.local"} 1 0.69921875 0.0 1.328125 0.69921875 1.0515625 5
stats: {freemem,"tsung_controller@tsung-master-0.tsung-master.tsung.svc.cluster.local"} 1 2757.30859375 0.0 2767.83984375 2750.7421875 2757.24140625 5
stats: {recvpackets,"tsung_controller@tsung-master-0.tsung-master.tsung.svc.cluster.local"} 1 548.0 0.0 613 247 445.25 4
stats: {sentpackets,"tsung_controller@tsung-master-0.tsung-master.tsung.svc.cluster.local"} 1 539.0 0.0 641 231 427.75 4
stats: {cpu,"tsung_controller@tsung-master-0.tsung-master.tsung.svc.cluster.local"} 1 17.48710736052508 0.0 17.63875823142051 7.348000879538848 13.085564734986443 5
stats: session 120 2168.4673197428388 1125.1191846882225 4479.97607421875 177.2861328125 2360.685961174242 363
stats: users_count 96 497
stats: finish_users_count 120 483
stats: request 1200 211.4770829264323 698.5389499569162 4322.02685546875 1.970947265625 231.85862334280296 3630
stats: connect 120 2006.222849527992 1121.3927966691015 4117.113037109375 34.885986328125 2149.699609509513 363
stats: page 1200 211.4770829264323 698.5389499569162 4322.02685546875 1.970947265625 231.85862334280296 3630
stats: 200 1200 4830
stats: size_rcv 1020000 4105500
stats: size_sent 90000 362250
stats: connected 0 0
# stats: dump at 1702377011
stats: users 28 50
stats: {load,"tsung_controller@tsung-master-0.tsung-master.tsung.svc.cluster.local"} 1 0.671875 0.0 1.328125 0.671875 0.9928385416666666 6
stats: {freemem,"tsung_controller@tsung-master-0.tsung-master.tsung.svc.cluster.local"} 1 2746.12109375 0.0 2767.83984375 2746.12109375 2757.2526041666665 6
stats: {recvpackets,"tsung_controller@tsung-master-0.tsung-master.tsung.svc.cluster.local"} 1 563.0 0.0 613 247 465.8 5
stats: {sentpackets,"tsung_controller@tsung-master-0.tsung-master.tsung.svc.cluster.local"} 1 669.0 0.0 669 231 450.0 5
stats: {cpu,"tsung_controller@tsung-master-0.tsung-master.tsung.svc.cluster.local"} 1 18.860055607043556 0.0 18.860055607043556 7.348000879538848 13.819155172576217 6
stats: session 75 2375.8304036458317 1163.2552202745505 4479.97607421875 177.2861328125 2312.9297769676823 483
stats: users_count 89 586
stats: finish_users_count 75 558
stats: request 750 233.24351334635423 730.9064558172458 4322.02685546875 1.961181640625 226.7948865933941 4830
stats: connect 75 2119.9398437499995 1158.2632974024139 4117.113037109375 17.501953125 2114.053209514104 483
stats: page 750 233.24351334635423 730.9064558172458 4322.02685546875 1.961181640625 226.7948865933941 4830
stats: 200 750 5580
stats: size_rcv 637500 4743000
stats: size_sent 56250 418500
stats: connected 0 0
# stats: dump at 1702377021
stats: users 19 50
stats: {load,"tsung_controller@tsung-master-0.tsung-master.tsung.svc.cluster.local"} 1 0.5703125 0.0 1.328125 0.5703125 0.9469866071428571 7
stats: {freemem,"tsung_controller@tsung-master-0.tsung-master.tsung.svc.cluster.local"} 1 2745.48046875 0.0 2767.83984375 2745.48046875 2755.6623883928573 7
stats: {recvpackets,"tsung_controller@tsung-master-0.tsung-master.tsung.svc.cluster.local"} 1 428.0 0.0 613 247 482.0 6
stats: {sentpackets,"tsung_controller@tsung-master-0.tsung-master.tsung.svc.cluster.local"} 1 404.0 0.0 669 231 486.5 6
stats: {cpu,"tsung_controller@tsung-master-0.tsung-master.tsung.svc.cluster.local"} 1 11.486169714017816 0.0 18.860055607043556 7.348000879538848 14.539283806071552 7
stats: session 96 2052.7906290690107 1164.7928470166246 4479.97607421875 177.2861328125 2321.3841622738855 558
stats: users_count 87 673
stats: finish_users_count 96 654
stats: request 780 212.8053485576925 723.4322778775158 4322.02685546875 1.961181640625 227.66163750105002 5580
stats: connect 78 2034.47996481871 1226.4540827914377 4143.966796875 17.501953125 2114.844423793122 558
stats: page 780 212.8053485576925 723.4322778775158 4322.02685546875 1.961181640625 227.66163750105002 5580
stats: 200 780 6360
stats: size_rcv 663000 5406000
stats: size_sent 58500 477000
stats: connected 0 0
# stats: dump at 1702377031
stats: users 18 50
stats: {load,"tsung_controller@tsung-master-0.tsung-master.tsung.svc.cluster.local"} 1 0.62890625 0.0 1.328125 0.5703125 0.89990234375 8
stats: {freemem,"tsung_controller@tsung-master-0.tsung-master.tsung.svc.cluster.local"} 1 2744.41796875 0.0 2767.83984375 2744.41796875 2754.3896484375 8
stats: {recvpackets,"tsung_controller@tsung-master-0.tsung-master.tsung.svc.cluster.local"} 1 462.0 0.0 613 247 474.2857142857143 7
stats: {sentpackets,"tsung_controller@tsung-master-0.tsung-master.tsung.svc.cluster.local"} 1 406.0 0.0 669 231 474.7142857142857 7
stats: {cpu,"tsung_controller@tsung-master-0.tsung-master.tsung.svc.cluster.local"} 1 11.48235294117647 0.0 18.860055607043556 7.348000879538848 14.157644544564835 8
stats: session 96 2299.253443400065 1220.3783646285365 4479.97607421875 150.152099609375 2281.957588592436 654
stats: users_count 95 768
stats: finish_users_count 96 750
stats: request 1140 210.87799222176545 713.3202037749078 4322.02685546875 1.961181640625 225.8396398004496 6360
stats: connect 114 2027.66271330181 1172.7133062900127 4143.966796875 17.501953125 2104.9884052396565 636
stats: page 1140 210.87799222176545 713.3202037749078 4322.02685546875 1.961181640625 225.8396398004496 6360
stats: 200 1140 7500
stats: size_rcv 969000 6375000
stats: size_sent 85500 562500
stats: connected 0 0
# stats: dump at 1702377041
stats: users 39 54
stats: {load,"tsung_controller@tsung-master-0.tsung-master.tsung.svc.cluster.local"} 1 0.53125 0.0 1.328125 0.53125 0.8697916666666666 9
stats: {freemem,"tsung_controller@tsung-master-0.tsung-master.tsung.svc.cluster.local"} 1 2744.83203125 0.0 2767.83984375 2744.41796875 2753.281684027778 9
stats: {recvpackets,"tsung_controller@tsung-master-0.tsung-master.tsung.svc.cluster.local"} 1 494.0 0.0 613 247 472.75 8
stats: {sentpackets,"tsung_controller@tsung-master-0.tsung-master.tsung.svc.cluster.local"} 1 425.0 0.0 669 231 466.125 8
stats: {cpu,"tsung_controller@tsung-master-0.tsung-master.tsung.svc.cluster.local"} 1 11.506080449017773 0.0 18.860055607043556 7.348000879538848 13.860389921966128 9
stats: session 99 2135.964814157197 1192.9901852450985 4479.97607421875 150.152099609375 2284.1714580078124 750
stats: users_count 120 888
stats: finish_users_count 99 849
stats: request 990 212.94670903369658 694.4880208406105 4322.02685546875 1.961181640625 223.56546936848957 7500
stats: connect 99 1953.9197665127824 1187.8299908428864 4143.966796875 17.501953125 2093.2349000651034 750
stats: page 990 212.94670903369658 694.4880208406105 4322.02685546875 1.961181640625 223.56546936848957 7500
stats: 200 990 8490
stats: size_rcv 841500 7216500
stats: size_sent 74250 636750
stats: connected 0 0
# stats: dump at 1702377051
stats: users 10 54
stats: {load,"tsung_controller@tsung-master-0.tsung-master.tsung.svc.cluster.local"} 0 0 0 1.328125 0.53125 0.8359375 10
stats: {freemem,"tsung_controller@tsung-master-0.tsung-master.tsung.svc.cluster.local"} 0 0 0 2767.83984375 2744.41796875 2752.43671875 10
stats: {recvpackets,"tsung_controller@tsung-master-0.tsung-master.tsung.svc.cluster.local"} 0 0 0 613 247 475.1111111111111 9
stats: {sentpackets,"tsung_controller@tsung-master-0.tsung-master.tsung.svc.cluster.local"} 0 0 0 669 231 461.55555555555554 9
stats: {cpu,"tsung_controller@tsung-master-0.tsung-master.tsung.svc.cluster.local"} 0 0 0 18.860055607043556 7.348000879538848 13.624958974671292 10
stats: session 126 2124.212865435888 1101.0721235917536 4479.97607421875 150.152099609375 2266.889411198377 849
stats: users_count 97 985
stats: finish_users_count 126 975
stats: request 1260 210.25157199435773 673.0891007814479 4322.02685546875 1.961181640625 222.3272393647858 8490
stats: connect 126 1931.14792015439 1095.119301810512 4143.966796875 17.501953125 2076.98967247773 849
stats: page 1260 210.25157199435773 673.0891007814479 4322.02685546875 1.961181640625 222.3272393647858 8490
stats: 200 1260 9750
stats: size_rcv 1071000 8287500
stats: size_sent 94500 731250
stats: connected 0 0
# stats: dump at 1702377061
stats: users 32 54
stats: {load,"tsung_controller@tsung-master-0.tsung-master.tsung.svc.cluster.local"} 1 0.5703125 0.0 1.328125 0.53125 0.8359375 10
stats: {freemem,"tsung_controller@tsung-master-0.tsung-master.tsung.svc.cluster.local"} 1 2747.9140625 0.0 2767.83984375 2744.41796875 2752.43671875 10
stats: {recvpackets,"tsung_controller@tsung-master-0.tsung-master.tsung.svc.cluster.local"} 1 476.0 0.0 613 247 475.1111111111111 9
stats: {sentpackets,"tsung_controller@tsung-master-0.tsung-master.tsung.svc.cluster.local"} 1 400.0 0.0 669 231 461.55555555555554 9
stats: {cpu,"tsung_controller@tsung-master-0.tsung-master.tsung.svc.cluster.local"} 1 12.417685794920038 0.0 18.860055607043556 7.348000879538848 13.624958974671292 10
stats: session 70 2215.5945417131697 1171.837229967784 4479.97607421875 150.152099609375 2248.4512114383015 975
stats: users_count 92 1077
stats: finish_users_count 70 1045
stats: request 700 219.0264585658482 713.1949028838744 4322.02685546875 1.961181640625 220.7666915815305 9750
stats: connect 70 2040.9765694754465 1167.476255043168 4143.966796875 17.501953125 2058.1424306390213 975
stats: page 700 219.0264585658482 713.1949028838744 4322.02685546875 1.961181640625 220.7666915815305 9750
stats: 200 700 10450
stats: size_rcv 595000 8882500
stats: size_sent 52500 783750
stats: connected 0 0
# stats: dump at 1702377071
stats: users 41 80
stats: {load,"tsung_controller@tsung-master-0.tsung-master.tsung.svc.cluster.local"} 1 0.48046875 0.0 1.328125 0.48046875 0.8117897727272727 11
stats: {freemem,"tsung_controller@tsung-master-0.tsung-master.tsung.svc.cluster.local"} 1 2747.79296875 0.0 2767.83984375 2744.41796875 2752.025568181818 11
stats: {recvpackets,"tsung_controller@tsung-master-0.tsung-master.tsung.svc.cluster.local"} 1 437.0 0.0 613 247 475.2 10
stats: {sentpackets,"tsung_controller@tsung-master-0.tsung-master.tsung.svc.cluster.local"} 1 405.0 0.0 669 231 455.4 10
stats: {cpu,"tsung_controller@tsung-master-0.tsung-master.tsung.svc.cluster.local"} 1 11.607142857142858 0.0 18.860055607043556 7.348000879538848 13.515206867421178 11
stats: session 147 2084.2509898490657 1323.2508913583742 4479.97607421875 150.152099609375 2246.2502861935554 1045
stats: users_count 156 1233
stats: finish_users_count 147 1192
stats: request 1426 209.649222995924 706.6700545035072 4322.02685546875 1.961181640625 220.65012094890105 10450
stats: connect 147 1850.8615938562925 1333.853179660891 4143.966796875 17.501953125 2056.992564340983 1045
stats: page 1426 209.649222995924 706.6700545035072 4322.02685546875 1.961181640625 220.65012094890105 10450
stats: 200 1426 11876
stats: size_rcv 1212100 10094600
stats: newphase 1 1
stats: size_sent 110250 894000
stats: connected 50 50
# stats: dump at 1702377081
stats: users 112 262
stats: {load,"tsung_controller@tsung-master-0.tsung-master.tsung.svc.cluster.local"} 1 0.62890625 0.0 1.328125 0.48046875 0.7841796875 12
stats: {freemem,"tsung_controller@tsung-master-0.tsung-master.tsung.svc.cluster.local"} 1 2757.41015625 0.0 2767.83984375 2744.41796875 2751.6728515625 12
stats: {recvpackets,"tsung_controller@tsung-master-0.tsung-master.tsung.svc.cluster.local"} 1 1029.0 0.0 1029 247 471.72727272727275 11
stats: {sentpackets,"tsung_controller@tsung-master-0.tsung-master.tsung.svc.cluster.local"} 1 738.0 0.0 738 231 450.8181818181818 11
stats: {cpu,"tsung_controller@tsung-master-0.tsung-master.tsung.svc.cluster.local"} 1 11.753643629525152 0.0 18.860055607043556 7.348000879538848 13.356201533231319 12
stats: session 436 2907.386033924349 1172.9998391989282 5290.8369140625 150.152099609375 2226.2721850504013 1192
stats: users_count 507 1740
stats: finish_users_count 436 1628
stats: request 4404 248.50931237937104 690.08021903519 4322.02685546875 1.961181640625 219.32919803875072 11876
stats: connect 436 1952.8845550817098 1108.8162756171564 4162.616943359375 17.501953125 2031.5720503634248 1192
stats: page 4404 248.50931237937104 690.08021903519 4322.02685546875 1.961181640625 219.32919803875072 11876
stats: 200 4404 16280
stats: size_rcv 3743400 13838000
stats: newphase 0 1
stats: size_sent 327000 1221000
stats: connected -50 0
# stats: dump at 1702377091
stats: users 209 262
stats: {load,"tsung_controller@tsung-master-0.tsung-master.tsung.svc.cluster.local"} 1 0.53125 0.0 1.328125 0.48046875 0.7722355769230769 13
stats: {freemem,"tsung_controller@tsung-master-0.tsung-master.tsung.svc.cluster.local"} 1 2761.93359375 0.0 2767.83984375 2744.41796875 2752.1141826923076 13
stats: {recvpackets,"tsung_controller@tsung-master-0.tsung-master.tsung.svc.cluster.local"} 1 2179.0 0.0 2179 247 518.1666666666666 12
stats: {sentpackets,"tsung_controller@tsung-master-0.tsung-master.tsung.svc.cluster.local"} 1 1349.0 0.0 1349 231 474.75 12
stats: {cpu,"tsung_controller@tsung-master-0.tsung-master.tsung.svc.cluster.local"} 1 12.687969924812032 0.0 18.860055607043556 7.348000879538848 13.232927848330844 13
stats: session 415 2864.1055311088103 1046.3967130319966 5293.10205078125 150.152099609375 2408.683510670205 1628
stats: users_count 512 2252
stats: finish_users_count 415 2043
stats: request 4150 247.43589743740662 628.9164718113813 4322.02685546875 1.961181640625 227.2228849893706 16280
stats: connect 415 1793.756612975338 1021.9757600607803 4162.616943359375 17.501953125 2010.4984951159875 1628
stats: page 4150 247.43589743740662 628.9164718113813 4322.02685546875 1.961181640625 227.2228849893706 16280
stats: 200 4150 20430
stats: size_rcv 3527500 17365500
stats: newphase 0 1
stats: size_sent 311250 1532250
stats: connected 0 0
# stats: dump at 1702377101
stats: users 11 283
stats: {load,"tsung_controller@tsung-master-0.tsung-master.tsung.svc.cluster.local"} 1 0.44921875 0.0 1.328125 0.44921875 0.7550223214285714 14
stats: {freemem,"tsung_controller@tsung-master-0.tsung-master.tsung.svc.cluster.local"} 1 2751.5078125 0.0 2767.83984375 2744.41796875 2752.8155691964284 14
stats: {recvpackets,"tsung_controller@tsung-master-0.tsung-master.tsung.svc.cluster.local"} 1 2281.0 0.0 2281 247 645.9230769230769 13
stats: {sentpackets,"tsung_controller@tsung-master-0.tsung-master.tsung.svc.cluster.local"} 1 1457.0 0.0 1457 231 542.0 13
stats: {cpu,"tsung_controller@tsung-master-0.tsung-master.tsung.svc.cluster.local"} 1 14.285714285714285 0.0 18.860055607043556 7.348000879538848 13.194002282365215 14
stats: session 674 2991.83447555406 1130.6294835663884 5293.10205078125 150.152099609375 2501.194591669726 2043
stats: users_count 476 2728
stats: finish_users_count 674 2717
stats: request 6740 268.5073410260572 702.8025950798093 4322.02685546875 1.961181640625 231.3288077333427 20430
stats: connect 674 2016.9308129375747 1102.0605052329545 4162.616943359375 17.501953125 1966.4711426498252 2043
stats: page 6740 268.5073410260572 702.8025950798093 4322.02685546875 1.961181640625 231.3288077333427 20430
stats: 200 6740 27170
stats: size_rcv 5729000 23094500
stats: newphase 0 1
stats: size_sent 505500 2037750
stats: connected 0 0
# stats: dump at 1702377111
stats: users 155 283
stats: {load,"tsung_controller@tsung-master-0.tsung-master.tsung.svc.cluster.local"} 1 0.37890625 0.0 1.328125 0.37890625 0.7346354166666667 15
stats: {freemem,"tsung_controller@tsung-master-0.tsung-master.tsung.svc.cluster.local"} 1 2748.7890625 0.0 2767.83984375 2744.41796875 2752.7283854166667 15
stats: {recvpackets,"tsung_controller@tsung-master-0.tsung-master.tsung.svc.cluster.local"} 1 2231.0 0.0 2281 247 762.7142857142857 14
stats: {sentpackets,"tsung_controller@tsung-master-0.tsung-master.tsung.svc.cluster.local"} 1 1416.0 0.0 1457 231 607.3571428571429 14
stats: {cpu,"tsung_controller@tsung-master-0.tsung-master.tsung.svc.cluster.local"} 1 13.066037735849056 0.0 18.860055607043556 7.348000879538848 13.266783082588486 15
stats: session 362 2581.3734609698727 1034.1810277150262 5293.10205078125 150.152099609375 2622.906509865545 2717
stats: users_count 506 3234
stats: finish_users_count 362 3079
stats: request 3620 239.3426196019292 641.5130486256313 4322.02685546875 1.961181640625 240.55160178534473 27170
stats: connect 362 1855.0980271818883 1025.8855721663697 4240.447021484375 17.501953125 1978.988558098461 2717
stats: page 3620 239.3426196019292 641.5130486256313 4322.02685546875 1.961181640625 240.55160178534473 27170
stats: 200 3620 30790
stats: size_rcv 3077000 26171500
stats: newphase 0 1
stats: size_sent 271500 2309250
stats: connected 0 0
# stats: dump at 1702377121
stats: users 170 283
stats: {load,"tsung_controller@tsung-master-0.tsung-master.tsung.svc.cluster.local"} 1 0.37890625 0.0 1.328125 0.37890625 0.71240234375 16
stats: {freemem,"tsung_controller@tsung-master-0.tsung-master.tsung.svc.cluster.local"} 1 2738.1953125 0.0 2767.83984375 2738.1953125 2752.482177734375 16
stats: {recvpackets,"tsung_controller@tsung-master-0.tsung-master.tsung.svc.cluster.local"} 1 2152.0 0.0 2281 247 860.6 15
stats: {sentpackets,"tsung_controller@tsung-master-0.tsung-master.tsung.svc.cluster.local"} 1 1531.0 0.0 1531 231 661.2666666666667 15
stats: {cpu,"tsung_controller@tsung-master-0.tsung-master.tsung.svc.cluster.local"} 1 18.330989217065166 0.0 18.860055607043556 7.348000879538848 13.25423649841727 16
stats: session 420 3004.3274541945684 1174.5915280352415 5293.10205078125 150.152099609375 2618.0234427332834 3079
stats: users_count 435 3669
stats: finish_users_count 420 3499
stats: request 4200 265.68256394159215 685.9275677502258 4322.02685546875 1.961181640625 240.40946097651184 30790
stats: connect 420 1958.8044421967975 1132.5860361219131 4240.447021484375 17.501953125 1964.4226691111926 3079
stats: page 4200 265.68256394159215 685.9275677502258 4322.02685546875 1.961181640625 240.40946097651184 30790
stats: 200 4200 34990
stats: size_rcv 3570000 29741500
stats: newphase 0 1
stats: size_sent 315000 2624250
stats: connected 0 0
# stats: dump at 1702377131
stats: users 97 283
stats: {load,"tsung_controller@tsung-master-0.tsung-master.tsung.svc.cluster.local"} 1 0.3203125 0.0 1.328125 0.3203125 0.6927849264705882 17
stats: {freemem,"tsung_controller@tsung-master-0.tsung-master.tsung.svc.cluster.local"} 1 2752.02734375 0.0 2767.83984375 2738.1953125 2751.641773897059 17
stats: {recvpackets,"tsung_controller@tsung-master-0.tsung-master.tsung.svc.cluster.local"} 1 2117.0 0.0 2281 247 941.3125 16
stats: {sentpackets,"tsung_controller@tsung-master-0.tsung-master.tsung.svc.cluster.local"} 1 1353.0 0.0 1531 231 715.625 16
stats: {cpu,"tsung_controller@tsung-master-0.tsung-master.tsung.svc.cluster.local"} 1 13.62781954887218 0.0 18.860055607043556 7.348000879538848 13.552869011278911 17
stats: session 570 2654.098922354715 1138.1264515424048 5293.10205078125 150.152099609375 2664.393172602886 3499
stats: users_count 497 4166
stats: finish_users_count 570 4069
stats: request 5700 244.442505439624 676.8334705580432 4322.02685546875 1.961181640625 243.44310008635284 34990
stats: connect 570 1931.7874468887062 1107.6061989985162 4240.447021484375 17.501953125 1963.7482892014912 3499
stats: page 5700 244.442505439624 676.8334705580432 4322.02685546875 1.961181640625 243.44310008635284 34990
stats: 200 5700 40690
stats: size_rcv 4845000 34586500
stats: newphase 0 1
stats: size_sent 427500 3051750
stats: connected 0 0
# stats: dump at 1702377141
stats: users 148 283
stats: {load,"tsung_controller@tsung-master-0.tsung-master.tsung.svc.cluster.local"} 1 0.26953125 0.0 1.328125 0.26953125 0.6720920138888888 18
stats: {freemem,"tsung_controller@tsung-master-0.tsung-master.tsung.svc.cluster.local"} 1 2745.66015625 0.0 2767.83984375 2738.1953125 2751.6631944444443 18
stats: {recvpackets,"tsung_controller@tsung-master-0.tsung-master.tsung.svc.cluster.local"} 1 2118.0 0.0 2281 247 1010.4705882352941 17
stats: {sentpackets,"tsung_controller@tsung-master-0.tsung-master.tsung.svc.cluster.local"} 1 1368.0 0.0 1531 231 753.1176470588235 17
stats: {cpu,"tsung_controller@tsung-master-0.tsung-master.tsung.svc.cluster.local"} 1 15.769944341372913 0.0 18.860055607043556 7.348000879538848 13.557032930034092 18
stats: session 458 3114.858420292883 1207.8092164735415 5501.833984375 150.152099609375 2662.95111739486 4069
stats: users_count 509 4675
stats: finish_users_count 458 4527
stats: request 4580 284.92465052708764 734.8745061306512 4403.496826171875 1.961181640625 243.5831003447369 40690
stats: connect 458 2065.837956724209 1152.755282217878 4240.447021484375 17.501953125 1959.2711006740183 4069
stats: page 4580 284.92465052708764 734.8745061306512 4403.496826171875 1.961181640625 243.5831003447369 40690
stats: 200 4580 45270
stats: size_rcv 3893000 38479500
stats: newphase 0 1
stats: size_sent 343500 3395250
stats: connected 0 0
# stats: dump at 1702377151
stats: users 233 283
stats: {load,"tsung_controller@tsung-master-0.tsung-master.tsung.svc.cluster.local"} 1 0.23046875 0.0 1.328125 0.23046875 0.6509046052631579 19
stats: {freemem,"tsung_controller@tsung-master-0.tsung-master.tsung.svc.cluster.local"} 1 2742.328125 0.0 2767.83984375 2738.1953125 2751.3472450657896 19
stats: {recvpackets,"tsung_controller@tsung-master-0.tsung-master.tsung.svc.cluster.local"} 1 2483.0 0.0 2483 247 1072.0 18
stats: {sentpackets,"tsung_controller@tsung-master-0.tsung-master.tsung.svc.cluster.local"} 1 1539.0 0.0 1539 231 787.2777777777778 18
stats: {cpu,"tsung_controller@tsung-master-0.tsung-master.tsung.svc.cluster.local"} 1 12.920018930430668 0.0 18.860055607043556 7.348000879538848 13.673501951683503 19
stats: session 412 2597.240742211203 1123.422487028538 5501.833984375 150.152099609375 2708.6709196319475 4527
stats: users_count 497 5172
stats: finish_users_count 412 4939
stats: request 5484 283.1590220022171 720.9214282848769 4403.496826171875 1.961181640625 247.76565611754813 45270
stats: connect 637 1916.9665573335703 1107.0573891514075 4240.447021484375 17.501953125 1970.052549772977 4527
stats: page 5484 283.1590220022171 720.9214282848769 4403.496826171875 1.961181640625 247.76565611754813 45270
stats: 200 5507 50777
stats: size_rcv 4661400 43140900
stats: newphase 0 1
stats: size_sent 420225 3815475
stats: connected 225 225
# stats: dump at 1702377161
stats: users 134 283
stats: {load,"tsung_controller@tsung-master-0.tsung-master.tsung.svc.cluster.local"} 1 0.19140625 0.0 1.328125 0.19140625 0.6298828125 20
stats: {freemem,"tsung_controller@tsung-master-0.tsung-master.tsung.svc.cluster.local"} 1 2738.9765625 0.0 2767.83984375 2738.1953125 2750.8962890625 20
stats: {recvpackets,"tsung_controller@tsung-master-0.tsung-master.tsung.svc.cluster.local"} 1 2405.0 0.0 2483 247 1146.2631578947369 19
stats: {sentpackets,"tsung_controller@tsung-master-0.tsung-master.tsung.svc.cluster.local"} 1 1506.0 0.0 1539 231 826.8421052631579 19
stats: {cpu,"tsung_controller@tsung-master-0.tsung-master.tsung.svc.cluster.local"} 1 13.63422661024918 0.0 18.860055607043556 7.348000879538848 13.635827800620863 20
stats: session 650 2845.1907816256003 1101.0484073260106 5501.833984375 150.152099609375 2699.375670978911 4939
stats: users_count 551 5723
stats: finish_users_count 650 5589
stats: request 5136 227.15215056707535 607.1933909693169 4403.496826171875 1.961181640625 251.5899304311298 50754
stats: connect 425 1895.2485994944848 1056.1244177874394 4240.447021484375 17.501953125 1963.5041808372873 5164
stats: page 5136 227.15215056707535 607.1933909693169 4403.496826171875 1.961181640625 251.5899304311298 50754
stats: 200 5113 55890
stats: size_rcv 4365600 47506500
stats: newphase 0 1
stats: size_sent 376275 4191750
stats: connected -225 0
# stats: dump at 1702377171
stats: users 179 283
stats: {load,"tsung_controller@tsung-master-0.tsung-master.tsung.svc.cluster.local"} 1 0.23828125 0.0 1.328125 0.19140625 0.6090029761904762 21
stats: {freemem,"tsung_controller@tsung-master-0.tsung-master.tsung.svc.cluster.local"} 1 2738.73046875 0.0 2767.83984375 2738.1953125 2750.328683035714 21
stats: {recvpackets,"tsung_controller@tsung-master-0.tsung-master.tsung.svc.cluster.local"} 1 2142.0 0.0 2483 247 1209.2 20
stats: {sentpackets,"tsung_controller@tsung-master-0.tsung-master.tsung.svc.cluster.local"} 1 1345.0 0.0 1539 231 860.8 20
stats: {cpu,"tsung_controller@tsung-master-0.tsung-master.tsung.svc.cluster.local"} 1 12.535344015080113 0.0 18.860055607043556 7.348000879538848 13.635751553460306 21
stats: session 456 3275.24224692897 1226.2922619656183 5512.364990234375 150.152099609375 2716.3339500843585 5589
stats: users_count 501 6224
stats: finish_users_count 456 6045
stats: request 4560 318.0628283584326 733.9677762866284 4403.496826171875 1.961181640625 249.3442257007347 55890
stats: connect 456 2149.202838027688 1159.062966846868 4240.447021484375 17.501953125 1958.3138745086612 5589
stats: page 4560 318.0628283584326 733.9677762866284 4403.496826171875 1.961181640625 249.3442257007347 55890
stats: 200 4560 60450
stats: size_rcv 3876000 51382500
stats: newphase 0 1
stats: size_sent 342000 4533750
stats: connected 0 0
# stats: dump at 1702377181
stats: users 71 283
stats: {load,"tsung_controller@tsung-master-0.tsung-master.tsung.svc.cluster.local"} 0 0 0 1.328125 0.19140625 0.5921519886363636 22
stats: {freemem,"tsung_controller@tsung-master-0.tsung-master.tsung.svc.cluster.local"} 0 0 0 2767.83984375 2738.1953125 2749.8014914772725 22
stats: {recvpackets,"tsung_controller@tsung-master-0.tsung-master.tsung.svc.cluster.local"} 0 0 0 2483 247 1253.6190476190477 21
stats: {sentpackets,"tsung_controller@tsung-master-0.tsung-master.tsung.svc.cluster.local"} 0 0 0 1539 231 883.8571428571429 21
stats: {cpu,"tsung_controller@tsung-master-0.tsung-master.tsung.svc.cluster.local"} 0 0 0 18.860055607043556 7.348000879538848 13.585733028988479 22
stats: session 591 2698.937299647713 1084.1408259450448 5512.364990234375 150.152099609375 2758.494774461719 6045
stats: users_count 483 6707
stats: finish_users_count 591 6636
stats: request 5910 234.18130188504637 660.235386710723 4403.496826171875 1.961181640625 254.52796148434268 60450
stats: connect 591 1875.6919854126975 1063.4279821397497 4240.447021484375 17.501953125 1972.7134390024041 6045
stats: page 5910 234.18130188504637 660.235386710723 4403.496826171875 1.961181640625 254.52796148434268 60450
stats: 200 5910 66360
stats: size_rcv 5023500 56406000
stats: newphase 0 1
stats: size_sent 443250 4977000
stats: connected 0 0
# stats: dump at 1702377191
stats: users 122 283
stats: {load,"tsung_controller@tsung-master-0.tsung-master.tsung.svc.cluster.local"} 1 0.26171875 0.0 1.328125 0.19140625 0.5921519886363636 22
stats: {freemem,"tsung_controller@tsung-master-0.tsung-master.tsung.svc.cluster.local"} 1 2756.91015625 0.0 2767.83984375 2738.1953125 2749.8014914772725 22
stats: {recvpackets,"tsung_controller@tsung-master-0.tsung-master.tsung.svc.cluster.local"} 1 2273.0 0.0 2483 247 1253.6190476190477 21
stats: {sentpackets,"tsung_controller@tsung-master-0.tsung-master.tsung.svc.cluster.local"} 1 1504.0 0.0 1539 231 883.8571428571429 21
stats: {cpu,"tsung_controller@tsung-master-0.tsung-master.tsung.svc.cluster.local"} 1 12.942843646669816 0.0 18.860055607043556 7.348000879538848 13.585733028988479 22
stats: session 420 2853.2872116815497 1163.2588101041142 5512.364990234375 150.152099609375 2753.19060514058 6636
stats: users_count 471 7178
stats: finish_users_count 420 7056
stats: request 4200 253.00160545712416 668.617690585703 4403.496826171875 1.961181640625 252.7158946032119 66360
stats: connect 420 1881.1859508696057 1114.5413682376284 4240.447021484375 17.501953125 1964.072739925925 6636
stats: page 4200 253.00160545712416 668.617690585703 4403.496826171875 1.961181640625 252.7158946032119 66360
stats: 200 4200 70560
stats: size_rcv 3570000 59976000
stats: newphase 1 2
stats: size_sent 315000 5292000
stats: connected 0 0
# stats: dump at 1702377201
stats: users 17 283
stats: {load,"tsung_controller@tsung-master-0.tsung-master.tsung.svc.cluster.local"} 1 0.21875 0.0 1.328125 0.19140625 0.5777853260869565 23
stats: {freemem,"tsung_controller@tsung-master-0.tsung-master.tsung.svc.cluster.local"} 1 2751.265625 0.0 2767.83984375 2738.1953125 2750.1105638586955 23
stats: {recvpackets,"tsung_controller@tsung-master-0.tsung-master.tsung.svc.cluster.local"} 1 1978.0 0.0 2483 247 1299.9545454545455 22
stats: {sentpackets,"tsung_controller@tsung-master-0.tsung-master.tsung.svc.cluster.local"} 1 1239.0 0.0 1539 231 912.0454545454545 22
stats: {cpu,"tsung_controller@tsung-master-0.tsung-master.tsung.svc.cluster.local"} 1 12.39396795475966 0.0 18.860055607043556 7.348000879538848 13.557781316713754 23
stats: session 305 2618.9133076652156 1173.818966333249 5512.364990234375 150.152099609375 2759.148736482304 7056
stats: users_count 200 7378
stats: finish_users_count 305 7361
stats: request 3050 260.4610690957995 765.077781458865 4403.496826171875 1.961181640625 252.73290120165905 70560
stats: connect 305 2255.023732069672 1140.0999040066652 4240.447021484375 17.501953125 1959.1390024820964 7056
stats: page 3050 260.4610690957995 765.077781458865 4403.496826171875 1.961181640625 252.73290120165905 70560
stats: 200 3050 73610
stats: size_rcv 2592500 62568500
stats: newphase 0 2
stats: size_sent 228750 5520750
stats: connected 0 0
# stats: dump at 1702377211
stats: users 52 283
stats: {load,"tsung_controller@tsung-master-0.tsung-master.tsung.svc.cluster.local"} 1 0.19140625 0.0 1.328125 0.19140625 0.5628255208333334 24
stats: {freemem,"tsung_controller@tsung-master-0.tsung-master.tsung.svc.cluster.local"} 1 2752.84765625 0.0 2767.83984375 2738.1953125 2750.15869140625 24
stats: {recvpackets,"tsung_controller@tsung-master-0.tsung-master.tsung.svc.cluster.local"} 1 866.0 0.0 2483 247 1329.4347826086957 23
stats: {sentpackets,"tsung_controller@tsung-master-0.tsung-master.tsung.svc.cluster.local"} 1 627.0 0.0 1539 231 926.2608695652174 23
stats: {cpu,"tsung_controller@tsung-master-0.tsung-master.tsung.svc.cluster.local"} 1 12.136832239925024 0.0 18.860055607043556 7.348000879538848 13.509289093299001 24
stats: session 147 2435.9878909571635 1204.5669942290147 5512.364990234375 150.152099609375 2753.3381393094724 7361
stats: users_count 182 7560
stats: finish_users_count 147 7508
stats: request 1470 232.4379637011054 742.8499034363248 4403.496826171875 1.961181640625 253.05311465196644 73610
stats: connect 147 2130.7994658801017 1202.4822460527466 4240.447021484375 17.501953125 1971.3988642568838 7361
stats: page 1470 232.4379637011054 742.8499034363248 4403.496826171875 1.961181640625 253.05311465196644 73610
stats: 200 1470 75080
stats: size_rcv 1249500 63818000
stats: newphase 0 2
stats: size_sent 110250 5631000
stats: connected 0 0
# stats: dump at 1702377221
stats: users 89 283
stats: {load,"tsung_controller@tsung-master-0.tsung-master.tsung.svc.cluster.local"} 1 0.16015625 0.0 1.328125 0.16015625 0.54796875 25
stats: {freemem,"tsung_controller@tsung-master-0.tsung-master.tsung.svc.cluster.local"} 1 2755.88671875 0.0 2767.83984375 2738.1953125 2750.26625 25
stats: {recvpackets,"tsung_controller@tsung-master-0.tsung-master.tsung.svc.cluster.local"} 1 856.0 0.0 2483 247 1310.1250000000002 24
stats: {sentpackets,"tsung_controller@tsung-master-0.tsung-master.tsung.svc.cluster.local"} 1 614.0 0.0 1539 231 913.7916666666666 24
stats: {cpu,"tsung_controller@tsung-master-0.tsung-master.tsung.svc.cluster.local"} 1 12.400561534861957 0.0 18.860055607043556 7.348000879538848 13.454390819164042 25
stats: session 161 2372.8976080284365 1071.6573500772863 5512.364990234375 150.152099609375 2747.1247021081153 7508
stats: users_count 198 7758
stats: finish_users_count 161 7669
stats: request 2133 262.7408089581868 759.2067434355637 4403.496826171875 1.961181640625 252.6494882281816 75080
stats: connect 244 2074.6830634445437 1107.5128291409267 4240.447021484375 17.501953125 1974.519787064371 7508
stats: page 2133 262.7408089581868 759.2067434355637 4403.496826171875 1.961181640625 252.6494882281816 75080
stats: 200 2134 77214
stats: size_rcv 1813050 65631050
stats: newphase 0 2
stats: size_sent 163650 5794650
stats: connected 83 83
# stats: dump at 1702377231
stats: users 42 283
stats: {load,"tsung_controller@tsung-master-0.tsung-master.tsung.svc.cluster.local"} 1 0.12890625 0.0 1.328125 0.12890625 0.5330528846153846 26
stats: {freemem,"tsung_controller@tsung-master-0.tsung-master.tsung.svc.cluster.local"} 1 2748.625 0.0 2767.83984375 2738.1953125 2750.482421875 26
stats: {recvpackets,"tsung_controller@tsung-master-0.tsung-master.tsung.svc.cluster.local"} 1 914.0 0.0 2483 247 1291.9600000000003 25
stats: {sentpackets,"tsung_controller@tsung-master-0.tsung-master.tsung.svc.cluster.local"} 1 654.0 0.0 1539 231 901.8 25
stats: {cpu,"tsung_controller@tsung-master-0.tsung-master.tsung.svc.cluster.local"} 1 12.951665884561239 0.0 18.860055607043556 7.348000879538848 13.41385892361396 26
stats: session 260 2345.815567720854 1236.1418833356236 5512.364990234375 150.152099609375 2739.2683242039784 7669
stats: users_count 213 7971
stats: finish_users_count 260 7929
stats: request 2077 195.41323169309703 652.6012434923342 4403.496826171875 1.961181640625 252.92825977075995 77213
stats: connect 177 1941.5599165232172 1248.723635744706 4240.447021484375 17.501953125 1977.6725011300007 7752
stats: page 2077 195.41323169309703 652.6012434923342 4403.496826171875 1.961181640625 252.92825977075995 77213
stats: 200 2076 79290
stats: size_rcv 1765450 67396500
stats: newphase 0 2
stats: size_sent 152100 5946750
stats: connected -83 0
# stats: dump at 1702377241
stats: users 70 283
stats: {load,"tsung_controller@tsung-master-0.tsung-master.tsung.svc.cluster.local"} 1 0.109375 0.0 1.328125 0.109375 0.5180844907407407 27
stats: {freemem,"tsung_controller@tsung-master-0.tsung-master.tsung.svc.cluster.local"} 1 2758.40625 0.0 2767.83984375 2738.1953125 2750.413628472222 27
stats: {recvpackets,"tsung_controller@tsung-master-0.tsung-master.tsung.svc.cluster.local"} 1 978.0 0.0 2483 247 1277.4230769230771 26
stats: {sentpackets,"tsung_controller@tsung-master-0.tsung-master.tsung.svc.cluster.local"} 1 699.0 0.0 1539 231 892.2692307692307 26
stats: {cpu,"tsung_controller@tsung-master-0.tsung-master.tsung.svc.cluster.local"} 1 11.913696060037523 0.0 18.860055607043556 7.348000879538848 13.396740662908304 27
stats: session 169 2360.767066729844 1119.0692147627112 5512.364990234375 150.152099609375 2726.366606877 7929
stats: users_count 197 8168
stats: finish_users_count 169 8098
stats: request 1690 230.9495176416882 701.2383822234574 4403.496826171875 1.961181640625 251.42165473459767 79290
stats: connect 169 2036.624952327569 1106.186735736242 4240.447021484375 17.501953125 1976.8663556544805 7929
stats: page 1690 230.9495176416882 701.2383822234574 4403.496826171875 1.961181640625 251.42165473459767 79290
stats: 200 1690 80980
stats: size_rcv 1436500 68833000
stats: newphase 0 2
stats: size_sent 126750 6073500
stats: connected 0 0
# stats: dump at 1702377251
stats: users 24 283
stats: {load,"tsung_controller@tsung-master-0.tsung-master.tsung.svc.cluster.local"} 1 0.3203125 0.0 1.328125 0.109375 0.5034877232142857 28
stats: {freemem,"tsung_controller@tsung-master-0.tsung-master.tsung.svc.cluster.local"} 1 2760.79296875 0.0 2767.83984375 2738.1953125 2750.6990792410716 28
stats: {recvpackets,"tsung_controller@tsung-master-0.tsung-master.tsung.svc.cluster.local"} 1 1051.0 0.0 2483 247 1266.3333333333337 27
stats: {sentpackets,"tsung_controller@tsung-master-0.tsung-master.tsung.svc.cluster.local"} 1 856.0 0.0 1539 231 885.1111111111111 27
stats: {cpu,"tsung_controller@tsung-master-0.tsung-master.tsung.svc.cluster.local"} 1 17.735849056603772 0.0 18.860055607043556 7.348000879538848 13.343774784234347 28
stats: session 249 2366.270006784953 1222.8832272391276 5512.364990234375 150.152099609375 2718.7367819467863 8098
stats: users_count 203 8371
stats: finish_users_count 249 8347
stats: 200 2490 83470
stats: request 2490 232.8603998023345 713.818513777296 4403.496826171875 1.961181640625 250.994414531004 80980
stats: connect 249 2019.600769288089 1213.1541591465261 4240.447021484375 17.501953125 1978.1134787512638 8098
stats: page 2490 232.8603998023345 713.818513777296 4403.496826171875 1.961181640625 250.994414531004 80980
stats: size_rcv 2116500 70949500
stats: newphase 0 2
stats: size_sent 186750 6260250
stats: connected 0 0
# stats: dump at 1702377261
stats: users 59 283
stats: {load,"tsung_controller@tsung-master-0.tsung-master.tsung.svc.cluster.local"} 1 0.33984375 0.0 1.328125 0.109375 0.4971713362068966 29
stats: {freemem,"tsung_controller@tsung-master-0.tsung-master.tsung.svc.cluster.local"} 1 2760.31640625 0.0 2767.83984375 2738.1953125 2751.0471443965516 29
stats: {recvpackets,"tsung_controller@tsung-master-0.tsung-master.tsung.svc.cluster.local"} 1 822.0 0.0 2483 247 1258.6428571428573 28
stats: {sentpackets,"tsung_controller@tsung-master-0.tsung-master.tsung.svc.cluster.local"} 1 636.0 0.0 1539 231 884.0714285714286 28
stats: {cpu,"tsung_controller@tsung-master-0.tsung-master.tsung.svc.cluster.local"} 1 11.949390815370196 0.0 18.860055607043556 7.348000879538848 13.495225621212604 29
stats: session 154 2486.583827427455 1230.3632958753783 5512.364990234375 150.152099609375 2708.222318425126 8347
stats: users_count 189 8560
stats: finish_users_count 154 8501
stats: 200 1540 85010
stats: request 1540 241.4377049830053 736.11150708116 4403.496826171875 1.961181640625 250.45345734070344 83470
stats: connect 154 2108.0851955661515 1207.1051182013985 4240.447021484375 17.501953125 1979.351089311186 8347
stats: page 1540 241.4377049830053 736.11150708116 4403.496826171875 1.961181640625 250.45345734070344 83470
stats: size_rcv 1309000 72258500
stats: newphase 0 2
stats: size_sent 115500 6375750
stats: connected 0 0
# stats: dump at 1702377271
stats: users 18 283
stats: {load,"tsung_controller@tsung-master-0.tsung-master.tsung.svc.cluster.local"} 1 0.359375 0.0 1.328125 0.109375 0.49192708333333335 30
stats: {freemem,"tsung_controller@tsung-master-0.tsung-master.tsung.svc.cluster.local"} 1 2753.71484375 0.0 2767.83984375 2738.1953125 2751.3561197916665 30
stats: {recvpackets,"tsung_controller@tsung-master-0.tsung-master.tsung.svc.cluster.local"} 1 1033.0 0.0 2483 247 1243.586206896552 29
stats: {sentpackets,"tsung_controller@tsung-master-0.tsung-master.tsung.svc.cluster.local"} 1 814.0 0.0 1539 231 875.5172413793103 29
stats: {cpu,"tsung_controller@tsung-master-0.tsung-master.tsung.svc.cluster.local"} 1 19.666048237476808 0.0 19.666048237476808 7.348000879538848 13.44369779435119 30
stats: session 254 2321.2842008335365 1189.7364885437098 5512.364990234375 150.152099609375 2704.207222834767 8501
stats: users_count 213 8773
stats: finish_users_count 254 8755
stats: request 2540 221.26217492771895 701.06644363642 4403.496826171875 1.961181640625 250.2901323362233 85010
stats: connect 254 1976.1045527420636 1186.8573173201823 4240.447021484375 17.501953125 1981.683174049836 8501
stats: page 2540 221.26217492771895 701.06644363642 4403.496826171875 1.961181640625 250.2901323362233 85010
stats: 200 2540 87550
stats: size_rcv 2159000 74417500
stats: newphase 0 2
stats: size_sent 190500 6566250
stats: connected 0 0
# stats: dump at 1702377281
stats: users 45 283
stats: {load,"tsung_controller@tsung-master-0.tsung-master.tsung.svc.cluster.local"} 1 0.37890625 0.0 1.328125 0.109375 0.4876512096774194 31
stats: {freemem,"tsung_controller@tsung-master-0.tsung-master.tsung.svc.cluster.local"} 1 2749.7734375 0.0 2767.83984375 2738.1953125 2751.4322076612902 31
stats: {recvpackets,"tsung_controller@tsung-master-0.tsung-master.tsung.svc.cluster.local"} 1 1123.0 0.0 2483 247 1236.5666666666668 30
stats: {sentpackets,"tsung_controller@tsung-master-0.tsung-master.tsung.svc.cluster.local"} 1 927.0 0.0 1539 231 873.4666666666667 30
stats: {cpu,"tsung_controller@tsung-master-0.tsung-master.tsung.svc.cluster.local"} 1 17.6056338028169 0.0 19.666048237476808 7.348000879538848 13.6444187763875 31
stats: session 180 2396.1223320855033 1131.6462901589775 5512.364990234375 150.152099609375 2693.0978627447257 8755
stats: users_count 207 8980
stats: finish_users_count 180 8935
stats: 200 1800 89350
stats: request 1800 222.35878757052944 699.8430886289799 4403.496826171875 1.961181640625 249.44797343482296 87550
stats: connect 180 2012.3733479817708 1125.1607009255943 4240.447021484375 17.501953125 1981.5213271266866 8755
stats: page 1800 222.35878757052944 699.8430886289799 4403.496826171875 1.961181640625 249.44797343482296 87550
stats: size_rcv 1530000 75947500
stats: newphase 0 2
stats: size_sent 135000 6701250
stats: connected 0 0
# stats: dump at 1702377291
stats: users 85 283
stats: {load,"tsung_controller@tsung-master-0.tsung-master.tsung.svc.cluster.local"} 1 0.3984375 0.0 1.328125 0.109375 0.4842529296875 32
stats: {freemem,"tsung_controller@tsung-master-0.tsung-master.tsung.svc.cluster.local"} 1 2748.5859375 0.0 2767.83984375 2738.1953125 2751.38037109375 32
stats: {recvpackets,"tsung_controller@tsung-master-0.tsung-master.tsung.svc.cluster.local"} 1 820.0 0.0 2483 247 1232.903225806452 31
stats: {sentpackets,"tsung_controller@tsung-master-0.tsung-master.tsung.svc.cluster.local"} 1 593.0 0.0 1539 231 875.1935483870968 31
stats: {cpu,"tsung_controller@tsung-master-0.tsung-master.tsung.svc.cluster.local"} 1 13.080168776371309 0.0 19.666048237476808 7.348000879538848 13.768206745963418 32
stats: session 154 2380.367269937096 1195.3167131324924 5512.364990234375 150.152099609375 2687.115143604417 8935
stats: users_count 194 9174
stats: finish_users_count 154 9089
stats: request 1540 234.68409820160355 729.1222241398966 4403.496826171875 1.961181640625 248.90224836984558 89350
stats: connect 154 2088.940626268263 1190.5408805630373 4240.447021484375 17.501953125 1982.1428563660727 8935
stats: page 1540 234.68409820160355 729.1222241398966 4403.496826171875 1.961181640625 248.90224836984558 89350
stats: 200 1540 90890
stats: size_rcv 1309000 77256500
stats: newphase 0 2
stats: size_sent 115500 6816750
stats: connected 0 0
# stats: dump at 1702377301
stats: users 35 283
stats: {load,"tsung_controller@tsung-master-0.tsung-master.tsung.svc.cluster.local"} 0 0 0 1.328125 0.109375 0.4816524621212121 33
stats: {freemem,"tsung_controller@tsung-master-0.tsung-master.tsung.svc.cluster.local"} 0 0 0 2767.83984375 2738.1953125 2751.295691287879 33
stats: {recvpackets,"tsung_controller@tsung-master-0.tsung-master.tsung.svc.cluster.local"} 0 0 0 2483 247 1220.0000000000002 32
stats: {sentpackets,"tsung_controller@tsung-master-0.tsung-master.tsung.svc.cluster.local"} 0 0 0 1539 231 866.375 32
stats: {cpu,"tsung_controller@tsung-master-0.tsung-master.tsung.svc.cluster.local"} 0 0 0 19.666048237476808 7.348000879538848 13.747357110521232 33
stats: session 245 2341.985719268175 1169.8659622790778 5512.364990234375 150.152099609375 2681.9177431704015 9089
stats: users_count 195 9369
stats: finish_users_count 245 9334
stats: request 2450 228.0313200534119 720.536174982733 4403.496826171875 1.961181640625 248.6613423157242 90890
stats: connect 245 2061.615252311861 1164.5127267260873 4240.447021484375 17.501953125 1983.952390590403 9089
stats: page 2450 228.0313200534119 720.536174982733 4403.496826171875 1.961181640625 248.6613423157242 90890
stats: 200 2450 93340
stats: size_rcv 2082500 79339000
stats: newphase 0 2
stats: size_sent 183750 7000500
stats: connected 0 0
# stats: dump at 1702377311
stats: users 35 283
stats: {load,"tsung_controller@tsung-master-0.tsung-master.tsung.svc.cluster.local"} 1 0.328125 0.0 1.328125 0.109375 0.4816524621212121 33
stats: {freemem,"tsung_controller@tsung-master-0.tsung-master.tsung.svc.cluster.local"} 1 2749.390625 0.0 2767.83984375 2738.1953125 2751.295691287879 33
stats: {recvpackets,"tsung_controller@tsung-master-0.tsung-master.tsung.svc.cluster.local"} 1 937.0 0.0 2483 247 1220.0000000000002 32
stats: {sentpackets,"tsung_controller@tsung-master-0.tsung-master.tsung.svc.cluster.local"} 1 665.0 0.0 1539 231 866.375 32
stats: {cpu,"tsung_controller@tsung-master-0.tsung-master.tsung.svc.cluster.local"} 1 11.908110642287857 0.0 19.666048237476808 7.348000879538848 13.747357110521232 33
stats: session 166 2712.8792577536697 1226.989500321716 5512.364990234375 150.152099609375 2672.99516486999 9334
stats: users_count 166 9535
stats: finish_users_count 166 9500
stats: request 1660 262.06267119258246 790.2828074893116 4555.6298828125 0.7978515625 248.1198429098675 93340
stats: connect 166 2261.313770707832 1198.3985885076286 4240.447021484375 17.501953125 1985.990895103126 9334
stats: page 1660 262.06267119258246 790.2828074893116 4555.6298828125 0.7978515625 248.1198429098675 93340
stats: 200 1660 95000
stats: size_rcv 1411000 80750000
stats: newphase 0 2
stats: size_sent 124500 7125000
stats: connected 0 0
# stats: dump at 1702377315
stats: users 0 283
stats: {load,"tsung_controller@tsung-master-0.tsung-master.tsung.svc.cluster.local"} 1 0.578125 0.0 1.328125 0.109375 0.47713694852941174 34
stats: {freemem,"tsung_controller@tsung-master-0.tsung-master.tsung.svc.cluster.local"} 1 2752.05078125 0.0 2767.83984375 2738.1953125 2751.2396599264707 34
stats: {recvpackets,"tsung_controller@tsung-master-0.tsung-master.tsung.svc.cluster.local"} 1 732.0 0.0 2483 247 1211.4242424242427 33
stats: {sentpackets,"tsung_controller@tsung-master-0.tsung-master.tsung.svc.cluster.local"} 1 527.0 0.0 1539 231 860.2727272727273 33
stats: {cpu,"tsung_controller@tsung-master-0.tsung-master.tsung.svc.cluster.local"} 1 12.270803949224259 0.0 19.666048237476808 7.348000879538848 13.693261626161428 34
stats: session 35 2948.560316685268 784.1491282951145 5512.364990234375 150.152099609375 2673.6920869140627 9500
stats: users_count 0 9535
stats: finish_users_count 35 9535
stats: request 350 292.2068666294644 887.8377038878969 4555.6298828125 0.7978515625 248.36347548828124 95000
stats: connect 35 2845.1439174107145 780.2952951874153 4240.447021484375 17.501953125 1990.8018000873767 9500
stats: page 350 292.2068666294644 887.8377038878969 4555.6298828125 0.7978515625 248.36347548828124 95000
stats: 200 350 95350
stats: size_rcv 297500 81047500
stats: newphase 0 2
stats: size_sent 26250 7151250
stats: connected 0 0
EndMonitor:{1702,377315,731208}
